{"level":"info","time":1592659411240,"message":"Hub listening on localhost:5000"}
{"level":"info","time":1592659411241,"message":"ref-2: listening on localhost:5002"}
{"level":"info","time":1592659411241,"message":"ref-1: listening on localhost:5001"}
{"level":"info","time":1592659411241,"message":"ref-3: listening on localhost:5003"}
{"level":"info","time":1592659411547,"message":"Received registration from ref-3"}
{"level":"info","time":1592659411547,"message":"Received registration from ref-2"}
{"level":"info","time":1592659411547,"message":"Received registration from ref-1"}
{"level":"info","time":1592659413861,"message":"Received registration from node-1"}
{"level":"info","time":1592659413863,"message":"Received registration from node-2"}
{"level":"info","time":1592659413863,"message":"Received registration from node-3"}
{"level":"info","time":1592659422848,"message":"sys-1/node-1 will propose 36"}
{"level":"info","time":1592659422849,"message":"sys-1/node-2 will propose 34"}
{"level":"info","time":1592659422849,"message":"sys-1/node-3 will propose 23"}
{"level":"info","time":1592659422850,"message":"sys-1/ref-1 will propose 82"}
{"level":"info","time":1592659422851,"message":"sys-1/ref-2 will propose 51"}
{"level":"info","time":1592659422851,"message":"Starting system sys-1 of process ref-1 ..."}
{"level":"info","time":1592659422851,"message":"sys-1/ref-3 will propose 61"}
{"level":"info","time":1592659422851,"message":"Starting system sys-1 of process ref-2 ..."}
{"level":"info","time":1592659422851,"message":"sys-1/ref-1: Starting consensus among node-1, node-2, node-3, ref-1, ref-2, ref-3"}
{"level":"info","time":1592659422853,"message":"sys-1/ref-2: Starting consensus among node-1, node-2, node-3, ref-1, ref-2, ref-3"}
{"level":"info","time":1592659422853,"message":"Starting system sys-1 of process ref-3 ..."}
{"level":"info","time":1592659422856,"message":"sys-1/ref-3: Starting consensus among node-1, node-2, node-3, ref-1, ref-2, ref-3"}
{"level":"info","time":1592659423159,"message":"sys-1/ref-3/EPFD: Increased timeout to 0.20 seconds"}
{"level":"info","time":1592659423359,"message":"sys-1/ref-2/EPFD: Increased timeout to 0.20 seconds"}
{"level":"info","time":1592659423359,"message":"sys-1/ref-1/EPFD: Increased timeout to 0.20 seconds"}
{"level":"info","time":1592659423760,"message":"sys-1/ref-2/EPFD: Increased timeout to 0.30 seconds"}
{"level":"info","time":1592659423761,"message":"sys-1/ref-1/EPFD: Increased timeout to 0.30 seconds"}
{"level":"info","time":1592659423761,"message":"sys-1/ref-3/EPFD: Increased timeout to 0.30 seconds"}
{"level":"info","time":1592659433666,"message":"sys-1/ref-2/EPFD: Increased timeout to 0.40 seconds"}
{"level":"info","time":1592659434068,"message":"sys-1/ref-2/EPFD: Increased timeout to 0.50 seconds"}
{"level":"info","time":1592659434875,"message":"sys-1/ref-3/EPFD: Increased timeout to 0.40 seconds"}
{"level":"info","time":1592659438178,"message":"sys-1/ref-1/EPFD: Increased timeout to 0.40 seconds"}
